<?xml version="1.0" encoding="UTF-8"?>
<testng-results ignored="0" total="20" passed="20" failed="0" skipped="0">
  <reporter-output>
  </reporter-output>
  <suite started-at="2024-03-20T21:17:56 GMT" name="flight-reservation" finished-at="2024-03-20T21:18:10 GMT" duration-ms="14254">
    <groups>
    </groups>
    <test started-at="2024-03-20T21:17:56 GMT" name="passengers-count-2" finished-at="2024-03-20T21:18:07 GMT" duration-ms="11244">
      <class name="com.flightreservation.FlightReservationTest">
        <test-method is-config="true" signature="setDriver(org.testng.ITestContext)[pri:0, instance:com.flightreservation.FlightReservationTest@7a419da4]" started-at="2024-03-20T21:17:56 GMT" name="setDriver" finished-at="2024-03-20T21:17:58 GMT" duration-ms="2406" status="PASS">
          <params>
            <param index="0">
              <value>
                <![CDATA[org.testng.TestRunner@4145bad8]]>
              </value>
            </param>
          </params>
          <reporter-output>
          </reporter-output>
        </test-method> <!-- setDriver -->
        <test-method is-config="true" signature="setParameters(java.lang.String)[pri:0, instance:com.flightreservation.FlightReservationTest@7a419da4]" started-at="2024-03-20T21:17:59 GMT" name="setParameters" finished-at="2024-03-20T21:17:59 GMT" depends-on-methods="com.flightreservation.AbstractTest.setDriver" duration-ms="1" status="PASS">
          <params>
            <param index="0">
              <value>
                <![CDATA[test-data/passenger-2.json]]>
              </value>
            </param>
          </params>
          <reporter-output>
          </reporter-output>
        </test-method> <!-- setParameters -->
        <test-method signature="userRegistrationTest()[pri:0, instance:com.flightreservation.FlightReservationTest@7a419da4]" started-at="2024-03-20T21:17:59 GMT" name="userRegistrationTest" finished-at="2024-03-20T21:18:02 GMT" duration-ms="3843" status="PASS">
          <reporter-output>
          </reporter-output>
        </test-method> <!-- userRegistrationTest -->
        <test-method signature="registrationConfirmationTest()[pri:0, instance:com.flightreservation.FlightReservationTest@7a419da4]" started-at="2024-03-20T21:18:02 GMT" name="registrationConfirmationTest" finished-at="2024-03-20T21:18:04 GMT" depends-on-methods="com.flightreservation.FlightReservationTest.userRegistrationTest" duration-ms="1462" status="PASS">
          <reporter-output>
          </reporter-output>
        </test-method> <!-- registrationConfirmationTest -->
        <test-method signature="flightsSearchTest()[pri:0, instance:com.flightreservation.FlightReservationTest@7a419da4]" started-at="2024-03-20T21:18:04 GMT" name="flightsSearchTest" finished-at="2024-03-20T21:18:05 GMT" depends-on-methods="com.flightreservation.FlightReservationTest.registrationConfirmationTest" duration-ms="1534" status="PASS">
          <reporter-output>
          </reporter-output>
        </test-method> <!-- flightsSearchTest -->
        <test-method signature="flightSelectionTest()[pri:0, instance:com.flightreservation.FlightReservationTest@7a419da4]" started-at="2024-03-20T21:18:05 GMT" name="flightSelectionTest" finished-at="2024-03-20T21:18:06 GMT" depends-on-methods="com.flightreservation.FlightReservationTest.flightsSearchTest" duration-ms="1053" status="PASS">
          <reporter-output>
          </reporter-output>
        </test-method> <!-- flightSelectionTest -->
        <test-method signature="flightReservationConfirmationTest()[pri:0, instance:com.flightreservation.FlightReservationTest@7a419da4]" started-at="2024-03-20T21:18:06 GMT" name="flightReservationConfirmationTest" finished-at="2024-03-20T21:18:07 GMT" depends-on-methods="com.flightreservation.FlightReservationTest.flightSelectionTest" duration-ms="823" status="PASS">
          <reporter-output>
          </reporter-output>
        </test-method> <!-- flightReservationConfirmationTest -->
        <test-method is-config="true" signature="quitDriver()[pri:0, instance:com.flightreservation.FlightReservationTest@7a419da4]" started-at="2024-03-20T21:18:07 GMT" name="quitDriver" finished-at="2024-03-20T21:18:07 GMT" duration-ms="82" status="PASS">
          <reporter-output>
          </reporter-output>
        </test-method> <!-- quitDriver -->
      </class> <!-- com.flightreservation.FlightReservationTest -->
    </test> <!-- passengers-count-2 -->
    <test started-at="2024-03-20T21:17:56 GMT" name="passengers-count-3" finished-at="2024-03-20T21:18:09 GMT" duration-ms="12762">
      <class name="com.flightreservation.FlightReservationTest">
        <test-method is-config="true" signature="setDriver(org.testng.ITestContext)[pri:0, instance:com.flightreservation.FlightReservationTest@4bb33f74]" started-at="2024-03-20T21:17:56 GMT" name="setDriver" finished-at="2024-03-20T21:17:58 GMT" duration-ms="2387" status="PASS">
          <params>
            <param index="0">
              <value>
                <![CDATA[org.testng.TestRunner@d86a6f]]>
              </value>
            </param>
          </params>
          <reporter-output>
          </reporter-output>
        </test-method> <!-- setDriver -->
        <test-method is-config="true" signature="setParameters(java.lang.String)[pri:0, instance:com.flightreservation.FlightReservationTest@4bb33f74]" started-at="2024-03-20T21:17:58 GMT" name="setParameters" finished-at="2024-03-20T21:17:58 GMT" depends-on-methods="com.flightreservation.AbstractTest.setDriver" duration-ms="14" status="PASS">
          <params>
            <param index="0">
              <value>
                <![CDATA[test-data/passenger-3.json]]>
              </value>
            </param>
          </params>
          <reporter-output>
          </reporter-output>
        </test-method> <!-- setParameters -->
        <test-method signature="userRegistrationTest()[pri:0, instance:com.flightreservation.FlightReservationTest@4bb33f74]" started-at="2024-03-20T21:17:59 GMT" name="userRegistrationTest" finished-at="2024-03-20T21:18:02 GMT" duration-ms="3511" status="PASS">
          <reporter-output>
          </reporter-output>
        </test-method> <!-- userRegistrationTest -->
        <test-method signature="registrationConfirmationTest()[pri:0, instance:com.flightreservation.FlightReservationTest@4bb33f74]" started-at="2024-03-20T21:18:02 GMT" name="registrationConfirmationTest" finished-at="2024-03-20T21:18:03 GMT" depends-on-methods="com.flightreservation.FlightReservationTest.userRegistrationTest" duration-ms="1439" status="PASS">
          <reporter-output>
          </reporter-output>
        </test-method> <!-- registrationConfirmationTest -->
        <test-method signature="flightsSearchTest()[pri:0, instance:com.flightreservation.FlightReservationTest@4bb33f74]" started-at="2024-03-20T21:18:03 GMT" name="flightsSearchTest" finished-at="2024-03-20T21:18:07 GMT" depends-on-methods="com.flightreservation.FlightReservationTest.registrationConfirmationTest" duration-ms="3379" status="PASS">
          <reporter-output>
          </reporter-output>
        </test-method> <!-- flightsSearchTest -->
        <test-method signature="flightSelectionTest()[pri:0, instance:com.flightreservation.FlightReservationTest@4bb33f74]" started-at="2024-03-20T21:18:07 GMT" name="flightSelectionTest" finished-at="2024-03-20T21:18:08 GMT" depends-on-methods="com.flightreservation.FlightReservationTest.flightsSearchTest" duration-ms="1603" status="PASS">
          <reporter-output>
          </reporter-output>
        </test-method> <!-- flightSelectionTest -->
        <test-method signature="flightReservationConfirmationTest()[pri:0, instance:com.flightreservation.FlightReservationTest@4bb33f74]" started-at="2024-03-20T21:18:08 GMT" name="flightReservationConfirmationTest" finished-at="2024-03-20T21:18:09 GMT" depends-on-methods="com.flightreservation.FlightReservationTest.flightSelectionTest" duration-ms="297" status="PASS">
          <reporter-output>
          </reporter-output>
        </test-method> <!-- flightReservationConfirmationTest -->
        <test-method is-config="true" signature="quitDriver()[pri:0, instance:com.flightreservation.FlightReservationTest@4bb33f74]" started-at="2024-03-20T21:18:09 GMT" name="quitDriver" finished-at="2024-03-20T21:18:09 GMT" duration-ms="97" status="PASS">
          <reporter-output>
          </reporter-output>
        </test-method> <!-- quitDriver -->
      </class> <!-- com.flightreservation.FlightReservationTest -->
    </test> <!-- passengers-count-3 -->
    <test started-at="2024-03-20T21:17:56 GMT" name="passengers-count-1" finished-at="2024-03-20T21:18:10 GMT" duration-ms="13923">
      <class name="com.flightreservation.FlightReservationTest">
        <test-method is-config="true" signature="setDriver(org.testng.ITestContext)[pri:0, instance:com.flightreservation.FlightReservationTest@4e7912d8]" started-at="2024-03-20T21:17:56 GMT" name="setDriver" finished-at="2024-03-20T21:17:58 GMT" duration-ms="2141" status="PASS">
          <params>
            <param index="0">
              <value>
                <![CDATA[org.testng.TestRunner@63376bed]]>
              </value>
            </param>
          </params>
          <reporter-output>
          </reporter-output>
        </test-method> <!-- setDriver -->
        <test-method is-config="true" signature="setParameters(java.lang.String)[pri:0, instance:com.flightreservation.FlightReservationTest@4e7912d8]" started-at="2024-03-20T21:17:58 GMT" name="setParameters" finished-at="2024-03-20T21:17:58 GMT" depends-on-methods="com.flightreservation.AbstractTest.setDriver" duration-ms="259" status="PASS">
          <params>
            <param index="0">
              <value>
                <![CDATA[test-data/passenger-1.json]]>
              </value>
            </param>
          </params>
          <reporter-output>
          </reporter-output>
        </test-method> <!-- setParameters -->
        <test-method signature="userRegistrationTest()[pri:0, instance:com.flightreservation.FlightReservationTest@4e7912d8]" started-at="2024-03-20T21:17:59 GMT" name="userRegistrationTest" finished-at="2024-03-20T21:18:02 GMT" duration-ms="3397" status="PASS">
          <reporter-output>
          </reporter-output>
        </test-method> <!-- userRegistrationTest -->
        <test-method signature="registrationConfirmationTest()[pri:0, instance:com.flightreservation.FlightReservationTest@4e7912d8]" started-at="2024-03-20T21:18:02 GMT" name="registrationConfirmationTest" finished-at="2024-03-20T21:18:05 GMT" depends-on-methods="com.flightreservation.FlightReservationTest.userRegistrationTest" duration-ms="2784" status="PASS">
          <reporter-output>
          </reporter-output>
        </test-method> <!-- registrationConfirmationTest -->
        <test-method signature="flightsSearchTest()[pri:0, instance:com.flightreservation.FlightReservationTest@4e7912d8]" started-at="2024-03-20T21:18:05 GMT" name="flightsSearchTest" finished-at="2024-03-20T21:18:06 GMT" depends-on-methods="com.flightreservation.FlightReservationTest.registrationConfirmationTest" duration-ms="1709" status="PASS">
          <reporter-output>
          </reporter-output>
        </test-method> <!-- flightsSearchTest -->
        <test-method signature="flightSelectionTest()[pri:0, instance:com.flightreservation.FlightReservationTest@4e7912d8]" started-at="2024-03-20T21:18:06 GMT" name="flightSelectionTest" finished-at="2024-03-20T21:18:09 GMT" depends-on-methods="com.flightreservation.FlightReservationTest.flightsSearchTest" duration-ms="2793" status="PASS">
          <reporter-output>
          </reporter-output>
        </test-method> <!-- flightSelectionTest -->
        <test-method signature="flightReservationConfirmationTest()[pri:0, instance:com.flightreservation.FlightReservationTest@4e7912d8]" started-at="2024-03-20T21:18:09 GMT" name="flightReservationConfirmationTest" finished-at="2024-03-20T21:18:10 GMT" depends-on-methods="com.flightreservation.FlightReservationTest.flightSelectionTest" duration-ms="702" status="PASS">
          <reporter-output>
          </reporter-output>
        </test-method> <!-- flightReservationConfirmationTest -->
        <test-method is-config="true" signature="quitDriver()[pri:0, instance:com.flightreservation.FlightReservationTest@4e7912d8]" started-at="2024-03-20T21:18:10 GMT" name="quitDriver" finished-at="2024-03-20T21:18:10 GMT" duration-ms="86" status="PASS">
          <reporter-output>
          </reporter-output>
        </test-method> <!-- quitDriver -->
      </class> <!-- com.flightreservation.FlightReservationTest -->
    </test> <!-- passengers-count-1 -->
    <test started-at="2024-03-20T21:17:56 GMT" name="passengers-count-4" finished-at="2024-03-20T21:18:10 GMT" duration-ms="14254">
      <class name="com.flightreservation.FlightReservationTest">
        <test-method is-config="true" signature="setUpConfig()[pri:0, instance:com.flightreservation.FlightReservationTest@3d5c822d]" started-at="2024-03-20T21:17:56 GMT" name="setUpConfig" finished-at="2024-03-20T21:17:56 GMT" duration-ms="18" status="PASS">
          <reporter-output>
          </reporter-output>
        </test-method> <!-- setUpConfig -->
        <test-method is-config="true" signature="setDriver(org.testng.ITestContext)[pri:0, instance:com.flightreservation.FlightReservationTest@3d5c822d]" started-at="2024-03-20T21:17:56 GMT" name="setDriver" finished-at="2024-03-20T21:17:58 GMT" duration-ms="2190" status="PASS">
          <params>
            <param index="0">
              <value>
                <![CDATA[org.testng.TestRunner@2892d68]]>
              </value>
            </param>
          </params>
          <reporter-output>
          </reporter-output>
        </test-method> <!-- setDriver -->
        <test-method is-config="true" signature="setParameters(java.lang.String)[pri:0, instance:com.flightreservation.FlightReservationTest@3d5c822d]" started-at="2024-03-20T21:17:58 GMT" name="setParameters" finished-at="2024-03-20T21:17:58 GMT" depends-on-methods="com.flightreservation.AbstractTest.setDriver" duration-ms="212" status="PASS">
          <params>
            <param index="0">
              <value>
                <![CDATA[test-data/passenger-4.json]]>
              </value>
            </param>
          </params>
          <reporter-output>
          </reporter-output>
        </test-method> <!-- setParameters -->
        <test-method signature="userRegistrationTest()[pri:0, instance:com.flightreservation.FlightReservationTest@3d5c822d]" started-at="2024-03-20T21:17:59 GMT" name="userRegistrationTest" finished-at="2024-03-20T21:18:02 GMT" duration-ms="3687" status="PASS">
          <reporter-output>
          </reporter-output>
        </test-method> <!-- userRegistrationTest -->
        <test-method signature="registrationConfirmationTest()[pri:0, instance:com.flightreservation.FlightReservationTest@3d5c822d]" started-at="2024-03-20T21:18:02 GMT" name="registrationConfirmationTest" finished-at="2024-03-20T21:18:04 GMT" depends-on-methods="com.flightreservation.FlightReservationTest.userRegistrationTest" duration-ms="1612" status="PASS">
          <reporter-output>
          </reporter-output>
        </test-method> <!-- registrationConfirmationTest -->
        <test-method signature="flightsSearchTest()[pri:0, instance:com.flightreservation.FlightReservationTest@3d5c822d]" started-at="2024-03-20T21:18:04 GMT" name="flightsSearchTest" finished-at="2024-03-20T21:18:06 GMT" depends-on-methods="com.flightreservation.FlightReservationTest.registrationConfirmationTest" duration-ms="2229" status="PASS">
          <reporter-output>
          </reporter-output>
        </test-method> <!-- flightsSearchTest -->
        <test-method signature="flightSelectionTest()[pri:0, instance:com.flightreservation.FlightReservationTest@3d5c822d]" started-at="2024-03-20T21:18:06 GMT" name="flightSelectionTest" finished-at="2024-03-20T21:18:09 GMT" depends-on-methods="com.flightreservation.FlightReservationTest.flightsSearchTest" duration-ms="2900" status="PASS">
          <reporter-output>
          </reporter-output>
        </test-method> <!-- flightSelectionTest -->
        <test-method signature="flightReservationConfirmationTest()[pri:0, instance:com.flightreservation.FlightReservationTest@3d5c822d]" started-at="2024-03-20T21:18:09 GMT" name="flightReservationConfirmationTest" finished-at="2024-03-20T21:18:10 GMT" depends-on-methods="com.flightreservation.FlightReservationTest.flightSelectionTest" duration-ms="1244" status="PASS">
          <reporter-output>
          </reporter-output>
        </test-method> <!-- flightReservationConfirmationTest -->
        <test-method is-config="true" signature="quitDriver()[pri:0, instance:com.flightreservation.FlightReservationTest@3d5c822d]" started-at="2024-03-20T21:18:10 GMT" name="quitDriver" finished-at="2024-03-20T21:18:10 GMT" duration-ms="143" status="PASS">
          <reporter-output>
          </reporter-output>
        </test-method> <!-- quitDriver -->
      </class> <!-- com.flightreservation.FlightReservationTest -->
    </test> <!-- passengers-count-4 -->
  </suite> <!-- flight-reservation -->
</testng-results>
